<?xml version="1.0" encoding="UTF-8"?>
<!-- Generated by org.testng.reporters.JUnitReportReporter -->
<testsuite hostname="DESKTOP-0OH831K" failures="0" tests="1" name="demoTest" time="0.007" errors="0" timestamp="2025-04-10T15:50:40 EET" skipped="0">
  <testcase classname="demoTest" name="PrintSel" time="0.007"/>
  <system-out/>
</testsuite> <!-- demoTest -->
